<test-run id="2" duration="0.2697248" testcasecount="12" total="12" passed="12" failed="0" inconclusive="0" skipped="0" result="Passed" start-time="2024-06-25T 11:30:44Z" end-time="2024-06-25T 11:30:45Z">
  <test-suite type="Assembly" name="FDiamondShop.Test.dll" fullname="D:\Code\csharp\FDiamondShop\BE\FDiamondShop.Test\bin\Debug\net7.0\FDiamondShop.Test.dll" total="12" passed="12" failed="0" inconclusive="0" skipped="0" result="Passed" start-time="2024-06-25T 11:30:45Z" end-time="2024-06-25T 11:30:45Z" duration="0.2697248">
    <test-suite type="TestSuite" name="FDiamondShop" fullname="FDiamondShop" total="12" passed="12" failed="0" inconclusive="0" skipped="0" result="Passed" start-time="2024-06-25T 11:30:45Z" end-time="2024-06-25T 11:30:45Z" duration="0.2697248">
      <test-suite type="TestSuite" name="Test" fullname="FDiamondShop.Test" total="12" passed="12" failed="0" inconclusive="0" skipped="0" result="Passed" start-time="2024-06-25T 11:30:45Z" end-time="2024-06-25T 11:30:45Z" duration="0.2697248">
        <test-suite type="TestFixture" name="TestDiscount" fullname="FDiamondShop.Test.TestDiscount" classname="FDiamondShop.Test.TestDiscount" total="1" passed="1" failed="0" inconclusive="0" skipped="0" result="Passed" start-time="2024-06-25T 11:30:45Z" end-time="2024-06-25T 11:30:45Z" duration="0.093928">
          <test-case name="FDiamondShop.Test.TestDiscount.Test_DiscountCode" fullname="FDiamondShop.Test.TestDiscount.Test_DiscountCode" methodname="Test_DiscountCode" classname="TestDiscount" result="Passed" start-time="2024-06-25T 11:30:45Z" end-time="2024-06-25T 11:30:45Z" duration="0.093928" asserts="0" />
        </test-suite>
        <test-suite type="TestFixture" name="TestLogin+LoginTests" fullname="FDiamondShop.Test.TestLogin+LoginTests" classname="FDiamondShop.Test.TestLogin+LoginTests" total="3" passed="3" failed="0" inconclusive="0" skipped="0" result="Passed" start-time="2024-06-25T 11:30:45Z" end-time="2024-06-25T 11:30:45Z" duration="0.1162453">
          <test-case name="FDiamondShop.Test.TestLogin+LoginTests.Login_Success" fullname="FDiamondShop.Test.TestLogin+LoginTests.Login_Success" methodname="Login_Success" classname="TestLogin+LoginTests" result="Passed" start-time="2024-06-25T 11:30:45Z" end-time="2024-06-25T 11:30:45Z" duration="0.1118802" asserts="0" />
          <test-case name="FDiamondShop.Test.TestLogin+LoginTests.Login_Fail_Password" fullname="FDiamondShop.Test.TestLogin+LoginTests.Login_Fail_Password" methodname="Login_Fail_Password" classname="TestLogin+LoginTests" result="Passed" start-time="2024-06-25T 11:30:45Z" end-time="2024-06-25T 11:30:45Z" duration="0.002467" asserts="0" />
          <test-case name="FDiamondShop.Test.TestLogin+LoginTests.Login_Fail_UserName" fullname="FDiamondShop.Test.TestLogin+LoginTests.Login_Fail_UserName" methodname="Login_Fail_UserName" classname="TestLogin+LoginTests" result="Passed" start-time="2024-06-25T 11:30:45Z" end-time="2024-06-25T 11:30:45Z" duration="0.0018981" asserts="0" />
        </test-suite>
        <test-suite type="TestFixture" name="TestProduct" fullname="FDiamondShop.Test.TestProduct" classname="FDiamondShop.Test.TestProduct" total="8" passed="8" failed="0" inconclusive="0" skipped="0" result="Passed" start-time="2024-06-25T 11:30:45Z" end-time="2024-06-25T 11:30:45Z" duration="0.0595515">
          <test-case name="FDiamondShop.Test.TestProduct.UpdateProduct_Fail" fullname="FDiamondShop.Test.TestProduct.UpdateProduct_Fail" methodname="UpdateProduct_Fail" classname="TestProduct" result="Passed" start-time="2024-06-25T 11:30:45Z" end-time="2024-06-25T 11:30:45Z" duration="0.0428499" asserts="0" />
          <test-case name="FDiamondShop.Test.TestProduct.CreateProduct_Fail" fullname="FDiamondShop.Test.TestProduct.CreateProduct_Fail" methodname="CreateProduct_Fail" classname="TestProduct" result="Passed" start-time="2024-06-25T 11:30:45Z" end-time="2024-06-25T 11:30:45Z" duration="0.002457" asserts="0" />
          <test-case name="FDiamondShop.Test.TestProduct.GetProductById_Fail" fullname="FDiamondShop.Test.TestProduct.GetProductById_Fail" methodname="GetProductById_Fail" classname="TestProduct" result="Passed" start-time="2024-06-25T 11:30:45Z" end-time="2024-06-25T 11:30:45Z" duration="0.002166" asserts="0" />
          <test-case name="FDiamondShop.Test.TestProduct.UpdateProduct_Success" fullname="FDiamondShop.Test.TestProduct.UpdateProduct_Success" methodname="UpdateProduct_Success" classname="TestProduct" result="Passed" start-time="2024-06-25T 11:30:45Z" end-time="2024-06-25T 11:30:45Z" duration="0.0030446" asserts="0" />
          <test-case name="FDiamondShop.Test.TestProduct.GetAllProduct_Success" fullname="FDiamondShop.Test.TestProduct.GetAllProduct_Success" methodname="GetAllProduct_Success" classname="TestProduct" result="Passed" start-time="2024-06-25T 11:30:45Z" end-time="2024-06-25T 11:30:45Z" duration="0.0053536" asserts="0" />
          <test-case name="FDiamondShop.Test.TestProduct.GetAllProduct_Fail" fullname="FDiamondShop.Test.TestProduct.GetAllProduct_Fail" methodname="GetAllProduct_Fail" classname="TestProduct" result="Passed" start-time="2024-06-25T 11:30:45Z" end-time="2024-06-25T 11:30:45Z" duration="0.0009032" asserts="0" />
          <test-case name="FDiamondShop.Test.TestProduct.CreateProduct_Success" fullname="FDiamondShop.Test.TestProduct.CreateProduct_Success" methodname="CreateProduct_Success" classname="TestProduct" result="Passed" start-time="2024-06-25T 11:30:45Z" end-time="2024-06-25T 11:30:45Z" duration="0.0012666" asserts="0" />
          <test-case name="FDiamondShop.Test.TestProduct.GetProductById_Success" fullname="FDiamondShop.Test.TestProduct.GetProductById_Success" methodname="GetProductById_Success" classname="TestProduct" result="Passed" start-time="2024-06-25T 11:30:45Z" end-time="2024-06-25T 11:30:45Z" duration="0.0015106" asserts="0" />
        </test-suite>
      </test-suite>
    </test-suite>
    <errors />
  </test-suite>
</test-run>